2020-06-15 20:12:26,731 - numexpr.utils - INFO - NumExpr defaulting to 8 threads.
2020-06-15 20:12:30,182 - utilities - INFO - Found 0 type with 338 records
2020-06-15 20:12:30,184 - utilities - INFO - Found 1 type with 412 records
2020-06-15 20:12:30,185 - learning - INFO - Searching classifier best parameters
2020-06-15 20:12:33,065 - learning - INFO - Best parameters found:
2020-06-15 20:12:33,066 - learning - INFO - 0.6759999999999999
2020-06-15 20:12:33,067 - learning - INFO - {'C': 10, 'gamma': 1, 'kernel': 'rbf'}
2020-06-15 20:12:33,068 - learning - INFO - Creating calibrated...
2020-06-15 20:12:33,069 - learning - INFO - Training...
2020-06-15 20:12:33,457 - utilities - INFO - 
              precision    recall  f1-score   support

           0      0.714     0.539     0.615       102
           1      0.728     0.851     0.785       148

    accuracy                          0.724       250
   macro avg      0.721     0.695     0.700       250
weighted avg      0.723     0.724     0.715       250

2020-06-15 20:12:33,458 - utilities - INFO - Macro F1 0.700
2020-06-15 20:12:33,459 - utilities - INFO - Micro F1 0.724
2020-06-15 20:12:33,461 - utilities - INFO - Accurary: 0.724 and AUC 0.695
2020-06-15 20:12:41,960 - utilities - INFO - Found 0 type with 338 records
2020-06-15 20:12:41,962 - utilities - INFO - Found 1 type with 412 records
2020-06-15 20:12:41,963 - learning - INFO - Searching classifier best parameters
2020-06-15 20:12:43,458 - learning - INFO - Best parameters found:
2020-06-15 20:12:43,458 - learning - INFO - 0.6853333333333332
2020-06-15 20:12:43,459 - learning - INFO - {'C': 10, 'gamma': 1, 'kernel': 'rbf'}
2020-06-15 20:12:43,459 - learning - INFO - Creating calibrated...
2020-06-15 20:12:43,460 - learning - INFO - Training...
2020-06-15 20:12:43,861 - utilities - INFO - 
              precision    recall  f1-score   support

           0      0.693     0.510     0.588       102
           1      0.714     0.845     0.774       148

    accuracy                          0.708       250
   macro avg      0.704     0.677     0.681       250
weighted avg      0.706     0.708     0.698       250

2020-06-15 20:12:43,863 - utilities - INFO - Macro F1 0.681
2020-06-15 20:12:43,865 - utilities - INFO - Micro F1 0.708
2020-06-15 20:12:43,867 - utilities - INFO - Accurary: 0.708 and AUC 0.677
2020-06-15 20:12:52,537 - utilities - INFO - Found 0 type with 338 records
2020-06-15 20:12:52,539 - utilities - INFO - Found 1 type with 412 records
2020-06-15 20:12:52,540 - learning - INFO - Searching classifier best parameters
2020-06-15 20:12:54,050 - learning - INFO - Best parameters found:
2020-06-15 20:12:54,050 - learning - INFO - 0.6386666666666667
2020-06-15 20:12:54,051 - learning - INFO - {'C': 10, 'gamma': 0.1, 'kernel': 'rbf'}
2020-06-15 20:12:54,051 - learning - INFO - Creating calibrated...
2020-06-15 20:12:54,052 - learning - INFO - Training...
2020-06-15 20:12:54,506 - utilities - INFO - 
              precision    recall  f1-score   support

           0      0.595     0.490     0.538       102
           1      0.687     0.770     0.726       148

    accuracy                          0.656       250
   macro avg      0.641     0.630     0.632       250
weighted avg      0.649     0.656     0.649       250

2020-06-15 20:12:54,507 - utilities - INFO - Macro F1 0.632
2020-06-15 20:12:54,509 - utilities - INFO - Micro F1 0.656
2020-06-15 20:12:54,511 - utilities - INFO - Accurary: 0.656 and AUC 0.630
2020-06-15 20:13:03,324 - utilities - INFO - Found 0 type with 338 records
2020-06-15 20:13:03,327 - utilities - INFO - Found 1 type with 412 records
2020-06-15 20:13:03,328 - learning - INFO - Searching classifier best parameters
2020-06-15 20:13:05,309 - learning - INFO - Best parameters found:
2020-06-15 20:13:05,309 - learning - INFO - 0.6
2020-06-15 20:13:05,310 - learning - INFO - {'C': 10, 'gamma': 0.1, 'kernel': 'rbf'}
2020-06-15 20:13:05,310 - learning - INFO - Creating calibrated...
2020-06-15 20:13:05,311 - learning - INFO - Training...
2020-06-15 20:13:05,844 - utilities - INFO - 
              precision    recall  f1-score   support

           0      0.550     0.431     0.484       102
           1      0.659     0.757     0.704       148

    accuracy                          0.624       250
   macro avg      0.604     0.594     0.594       250
weighted avg      0.614     0.624     0.614       250

2020-06-15 20:13:05,846 - utilities - INFO - Macro F1 0.594
2020-06-15 20:13:05,847 - utilities - INFO - Micro F1 0.624
2020-06-15 20:13:05,849 - utilities - INFO - Accurary: 0.624 and AUC 0.594
2020-06-16 08:25:09,079 - utilities - INFO - 
              precision    recall  f1-score   support

           0      0.444     0.157     0.232       102
           1      0.598     0.865     0.707       148

    accuracy                          0.576       250
   macro avg      0.521     0.511     0.470       250
weighted avg      0.535     0.576     0.513       250

2020-06-16 08:25:09,081 - utilities - INFO - Macro F1 0.470
2020-06-16 08:25:09,084 - utilities - INFO - Micro F1 0.576
2020-06-16 08:25:09,234 - utilities - INFO - Accurary: 0.576 and AUC 0.511
2020-06-16 08:26:30,987 - utilities - INFO - 
              precision    recall  f1-score   support

           0      0.480     0.235     0.316       102
           1      0.610     0.824     0.701       148

    accuracy                          0.584       250
   macro avg      0.545     0.530     0.508       250
weighted avg      0.557     0.584     0.544       250

2020-06-16 08:26:30,989 - utilities - INFO - Macro F1 0.508
2020-06-16 08:26:30,990 - utilities - INFO - Micro F1 0.584
2020-06-16 08:26:30,993 - utilities - INFO - Accurary: 0.584 and AUC 0.530
2020-06-16 08:28:04,408 - utilities - INFO - 
              precision    recall  f1-score   support

           0      0.524     0.108     0.179       102
           1      0.603     0.932     0.732       148

    accuracy                          0.596       250
   macro avg      0.563     0.520     0.455       250
weighted avg      0.570     0.596     0.506       250

2020-06-16 08:28:04,411 - utilities - INFO - Macro F1 0.455
2020-06-16 08:28:04,413 - utilities - INFO - Micro F1 0.596
2020-06-16 08:28:04,418 - utilities - INFO - Accurary: 0.596 and AUC 0.520
2020-06-16 08:30:53,387 - utilities - INFO - 
              precision    recall  f1-score   support

           0      0.500     0.088     0.150       102
           1      0.599     0.939     0.732       148

    accuracy                          0.592       250
   macro avg      0.550     0.514     0.441       250
weighted avg      0.559     0.592     0.494       250

2020-06-16 08:30:53,389 - utilities - INFO - Macro F1 0.441
2020-06-16 08:30:53,391 - utilities - INFO - Micro F1 0.592
2020-06-16 08:30:53,396 - utilities - INFO - Accurary: 0.592 and AUC 0.514
2020-06-16 08:57:36,477 - utilities - INFO - 
              precision    recall  f1-score   support

           0      0.000     0.000     0.000       101
           1      0.589     1.000     0.742       145

    accuracy                          0.589       246
   macro avg      0.295     0.500     0.371       246
weighted avg      0.347     0.589     0.437       246

2020-06-16 08:57:36,484 - utilities - INFO - Macro F1 0.371
2020-06-16 08:57:36,490 - utilities - INFO - Micro F1 0.589
2020-06-16 08:57:36,500 - utilities - INFO - Accurary: 0.589 and AUC 0.500
2020-06-16 08:57:59,389 - utilities - INFO - 
              precision    recall  f1-score   support

           0      0.000     0.000     0.000       101
           1      0.589     1.000     0.742       145

    accuracy                          0.589       246
   macro avg      0.295     0.500     0.371       246
weighted avg      0.347     0.589     0.437       246

2020-06-16 08:57:59,391 - utilities - INFO - Macro F1 0.371
2020-06-16 08:57:59,393 - utilities - INFO - Micro F1 0.589
2020-06-16 08:57:59,395 - utilities - INFO - Accurary: 0.589 and AUC 0.500
2020-06-16 08:58:21,994 - utilities - INFO - 
              precision    recall  f1-score   support

           0      0.000     0.000     0.000       101
           1      0.589     1.000     0.742       145

    accuracy                          0.589       246
   macro avg      0.295     0.500     0.371       246
weighted avg      0.347     0.589     0.437       246

2020-06-16 08:58:21,996 - utilities - INFO - Macro F1 0.371
2020-06-16 08:58:21,997 - utilities - INFO - Micro F1 0.589
2020-06-16 08:58:21,999 - utilities - INFO - Accurary: 0.589 and AUC 0.500
2020-06-16 08:58:45,075 - utilities - INFO - 
              precision    recall  f1-score   support

           0      0.000     0.000     0.000       101
           1      0.589     1.000     0.742       145

    accuracy                          0.589       246
   macro avg      0.295     0.500     0.371       246
weighted avg      0.347     0.589     0.437       246

2020-06-16 08:58:45,076 - utilities - INFO - Macro F1 0.371
2020-06-16 08:58:45,078 - utilities - INFO - Micro F1 0.589
2020-06-16 08:58:45,080 - utilities - INFO - Accurary: 0.589 and AUC 0.500
2020-06-16 09:06:25,043 - utilities - INFO - 
              precision    recall  f1-score   support

           0      0.000     0.000     0.000       101
           1      0.589     1.000     0.742       145

    accuracy                          0.589       246
   macro avg      0.295     0.500     0.371       246
weighted avg      0.347     0.589     0.437       246

2020-06-16 09:06:25,045 - utilities - INFO - Macro F1 0.371
2020-06-16 09:06:25,046 - utilities - INFO - Micro F1 0.589
2020-06-16 09:06:25,048 - utilities - INFO - Accurary: 0.589 and AUC 0.500
2020-06-16 09:08:16,275 - utilities - INFO - 
              precision    recall  f1-score   support

           0      0.000     0.000     0.000       101
           1      0.589     1.000     0.742       145

    accuracy                          0.589       246
   macro avg      0.295     0.500     0.371       246
weighted avg      0.347     0.589     0.437       246

2020-06-16 09:08:16,280 - utilities - INFO - Macro F1 0.371
2020-06-16 09:08:16,286 - utilities - INFO - Micro F1 0.589
2020-06-16 09:08:16,293 - utilities - INFO - Accurary: 0.589 and AUC 0.500
2020-06-16 09:08:39,906 - utilities - INFO - 
              precision    recall  f1-score   support

           0      0.000     0.000     0.000       101
           1      0.589     1.000     0.742       145

    accuracy                          0.589       246
   macro avg      0.295     0.500     0.371       246
weighted avg      0.347     0.589     0.437       246

2020-06-16 09:08:39,908 - utilities - INFO - Macro F1 0.371
2020-06-16 09:08:39,910 - utilities - INFO - Micro F1 0.589
2020-06-16 09:08:39,911 - utilities - INFO - Accurary: 0.589 and AUC 0.500
2020-06-16 09:09:03,600 - utilities - INFO - 
              precision    recall  f1-score   support

           0      0.000     0.000     0.000       101
           1      0.589     1.000     0.742       145

    accuracy                          0.589       246
   macro avg      0.295     0.500     0.371       246
weighted avg      0.347     0.589     0.437       246

2020-06-16 09:09:03,602 - utilities - INFO - Macro F1 0.371
2020-06-16 09:09:03,605 - utilities - INFO - Micro F1 0.589
2020-06-16 09:09:03,607 - utilities - INFO - Accurary: 0.589 and AUC 0.500
2020-06-16 09:09:36,387 - utilities - INFO - 
              precision    recall  f1-score   support

           0      0.000     0.000     0.000       101
           1      0.589     1.000     0.742       145

    accuracy                          0.589       246
   macro avg      0.295     0.500     0.371       246
weighted avg      0.347     0.589     0.437       246

2020-06-16 09:09:36,389 - utilities - INFO - Macro F1 0.371
2020-06-16 09:09:36,390 - utilities - INFO - Micro F1 0.589
2020-06-16 09:09:36,393 - utilities - INFO - Accurary: 0.589 and AUC 0.500
2020-06-16 09:13:42,683 - utilities - INFO - 
              precision    recall  f1-score   support

           0      0.000     0.000     0.000       101
           1      0.589     1.000     0.742       145

    accuracy                          0.589       246
   macro avg      0.295     0.500     0.371       246
weighted avg      0.347     0.589     0.437       246

2020-06-16 09:13:42,684 - utilities - INFO - Macro F1 0.371
2020-06-16 09:13:42,686 - utilities - INFO - Micro F1 0.589
2020-06-16 09:13:42,688 - utilities - INFO - Accurary: 0.589 and AUC 0.500
2020-06-16 09:13:55,644 - utilities - INFO - 
              precision    recall  f1-score   support

           0      0.000     0.000     0.000       101
           1      0.589     1.000     0.742       145

    accuracy                          0.589       246
   macro avg      0.295     0.500     0.371       246
weighted avg      0.347     0.589     0.437       246

2020-06-16 09:13:55,646 - utilities - INFO - Macro F1 0.371
2020-06-16 09:13:55,647 - utilities - INFO - Micro F1 0.589
2020-06-16 09:13:55,649 - utilities - INFO - Accurary: 0.589 and AUC 0.500
2020-06-16 09:15:55,201 - utilities - INFO - 
              precision    recall  f1-score   support

           0      0.000     0.000     0.000       101
           1      0.589     1.000     0.742       145

    accuracy                          0.589       246
   macro avg      0.295     0.500     0.371       246
weighted avg      0.347     0.589     0.437       246

2020-06-16 09:15:55,203 - utilities - INFO - Macro F1 0.371
2020-06-16 09:15:55,204 - utilities - INFO - Micro F1 0.589
2020-06-16 09:15:55,206 - utilities - INFO - Accurary: 0.589 and AUC 0.500
2020-06-16 09:18:22,310 - utilities - INFO - 
              precision    recall  f1-score   support

           0      0.446     0.324     0.375       102
           1      0.608     0.723     0.660       148

    accuracy                          0.560       250
   macro avg      0.527     0.523     0.518       250
weighted avg      0.542     0.560     0.544       250

2020-06-16 09:18:22,311 - utilities - INFO - Macro F1 0.518
2020-06-16 09:18:22,314 - utilities - INFO - Micro F1 0.560
2020-06-16 09:18:22,317 - utilities - INFO - Accurary: 0.560 and AUC 0.523
2020-06-16 09:19:35,298 - utilities - INFO - 
              precision    recall  f1-score   support

           0      0.471     0.235     0.314       102
           1      0.608     0.818     0.697       148

    accuracy                          0.580       250
   macro avg      0.539     0.526     0.506       250
weighted avg      0.552     0.580     0.541       250

2020-06-16 09:19:35,301 - utilities - INFO - Macro F1 0.506
2020-06-16 09:19:35,303 - utilities - INFO - Micro F1 0.580
2020-06-16 09:19:35,306 - utilities - INFO - Accurary: 0.580 and AUC 0.526
2020-06-16 09:21:06,739 - utilities - INFO - 
              precision    recall  f1-score   support

           0      0.000     0.000     0.000       101
           1      0.589     1.000     0.742       145

    accuracy                          0.589       246
   macro avg      0.295     0.500     0.371       246
weighted avg      0.347     0.589     0.437       246

2020-06-16 09:21:06,741 - utilities - INFO - Macro F1 0.371
2020-06-16 09:21:06,743 - utilities - INFO - Micro F1 0.589
2020-06-16 09:21:06,744 - utilities - INFO - Accurary: 0.589 and AUC 0.500
2020-06-16 09:21:19,712 - utilities - INFO - 
              precision    recall  f1-score   support

           0      0.000     0.000     0.000       101
           1      0.589     1.000     0.742       145

    accuracy                          0.589       246
   macro avg      0.295     0.500     0.371       246
weighted avg      0.347     0.589     0.437       246

2020-06-16 09:21:19,714 - utilities - INFO - Macro F1 0.371
2020-06-16 09:21:19,714 - utilities - INFO - Micro F1 0.589
2020-06-16 09:21:19,716 - utilities - INFO - Accurary: 0.589 and AUC 0.500
2020-06-16 09:21:47,051 - utilities - INFO - 
              precision    recall  f1-score   support

           0      0.000     0.000     0.000       101
           1      0.589     1.000     0.742       145

    accuracy                          0.589       246
   macro avg      0.295     0.500     0.371       246
weighted avg      0.347     0.589     0.437       246

2020-06-16 09:21:47,052 - utilities - INFO - Macro F1 0.371
2020-06-16 09:21:47,054 - utilities - INFO - Micro F1 0.589
2020-06-16 09:21:47,056 - utilities - INFO - Accurary: 0.589 and AUC 0.500
2020-06-16 09:25:15,915 - utilities - INFO - 
              precision    recall  f1-score   support

           0      0.000     0.000     0.000       101
           1      0.589     1.000     0.742       145

    accuracy                          0.589       246
   macro avg      0.295     0.500     0.371       246
weighted avg      0.347     0.589     0.437       246

2020-06-16 09:25:15,917 - utilities - INFO - Macro F1 0.371
2020-06-16 09:25:15,918 - utilities - INFO - Micro F1 0.589
2020-06-16 09:25:15,920 - utilities - INFO - Accurary: 0.589 and AUC 0.500
2020-06-16 09:26:55,867 - utilities - INFO - 
              precision    recall  f1-score   support

           0      0.000     0.000     0.000       101
           1      0.589     1.000     0.742       145

    accuracy                          0.589       246
   macro avg      0.295     0.500     0.371       246
weighted avg      0.347     0.589     0.437       246

2020-06-16 09:26:55,868 - utilities - INFO - Macro F1 0.371
2020-06-16 09:26:55,870 - utilities - INFO - Micro F1 0.589
2020-06-16 09:26:55,871 - utilities - INFO - Accurary: 0.589 and AUC 0.500
2020-06-16 09:27:11,153 - utilities - INFO - 
              precision    recall  f1-score   support

           0      0.000     0.000     0.000       101
           1      0.589     1.000     0.742       145

    accuracy                          0.589       246
   macro avg      0.295     0.500     0.371       246
weighted avg      0.347     0.589     0.437       246

2020-06-16 09:27:11,154 - utilities - INFO - Macro F1 0.371
2020-06-16 09:27:11,154 - utilities - INFO - Micro F1 0.589
2020-06-16 09:27:11,156 - utilities - INFO - Accurary: 0.589 and AUC 0.500
2020-06-16 09:29:40,698 - utilities - INFO - 
              precision    recall  f1-score   support

           0      0.000     0.000     0.000       101
           1      0.589     1.000     0.742       145

    accuracy                          0.589       246
   macro avg      0.295     0.500     0.371       246
weighted avg      0.347     0.589     0.437       246

2020-06-16 09:29:40,700 - utilities - INFO - Macro F1 0.371
2020-06-16 09:29:40,701 - utilities - INFO - Micro F1 0.589
2020-06-16 09:29:40,703 - utilities - INFO - Accurary: 0.589 and AUC 0.500
