2020-06-17 12:15:40,525 - numexpr.utils - INFO - NumExpr defaulting to 8 threads.
2020-06-17 12:15:43,944 - utilities - INFO - Found 0 type with 338 records
2020-06-17 12:15:43,946 - utilities - INFO - Found 1 type with 412 records
2020-06-17 12:15:43,947 - learning - INFO - Searching classifier best parameters
2020-06-17 12:15:46,976 - learning - INFO - Best parameters found:
2020-06-17 12:15:46,977 - learning - INFO - 0.6759999999999999
2020-06-17 12:15:46,978 - learning - INFO - {'C': 10, 'gamma': 1, 'kernel': 'rbf'}
2020-06-17 12:15:46,979 - learning - INFO - Creating calibrated...
2020-06-17 12:15:46,980 - learning - INFO - Training...
2020-06-17 12:15:47,408 - utilities - INFO - 
              precision    recall  f1-score   support

           0      0.714     0.539     0.615       102
           1      0.728     0.851     0.785       148

    accuracy                          0.724       250
   macro avg      0.721     0.695     0.700       250
weighted avg      0.723     0.724     0.715       250

2020-06-17 12:15:47,410 - utilities - INFO - Macro F1 0.700
2020-06-17 12:15:47,411 - utilities - INFO - Micro F1 0.724
2020-06-17 12:15:47,413 - utilities - INFO - Accurary: 0.724 and AUC 0.695
2020-06-17 12:16:13,506 - utilities - INFO - Found 0 type with 330 records
2020-06-17 12:16:13,508 - utilities - INFO - Found 1 type with 420 records
2020-06-17 12:16:13,509 - learning - INFO - Searching classifier best parameters
2020-06-17 12:16:14,975 - learning - INFO - Best parameters found:
2020-06-17 12:16:14,976 - learning - INFO - 0.7546666666666667
2020-06-17 12:16:14,976 - learning - INFO - {'C': 10, 'gamma': 0.1, 'kernel': 'rbf'}
2020-06-17 12:16:14,977 - learning - INFO - Creating calibrated...
2020-06-17 12:16:14,977 - learning - INFO - Training...
2020-06-17 12:16:15,320 - utilities - INFO - 
              precision    recall  f1-score   support

           0      0.667     0.591     0.627       115
           1      0.682     0.748     0.714       135

    accuracy                          0.676       250
   macro avg      0.675     0.670     0.670       250
weighted avg      0.675     0.676     0.674       250

2020-06-17 12:16:15,322 - utilities - INFO - Macro F1 0.670
2020-06-17 12:16:15,324 - utilities - INFO - Micro F1 0.676
2020-06-17 12:16:15,326 - utilities - INFO - Accurary: 0.676 and AUC 0.670
2020-06-17 12:16:29,509 - utilities - INFO - Found 0 type with 17 records
2020-06-17 12:16:29,510 - utilities - INFO - Found 1 type with 21 records
2020-06-17 12:16:29,511 - learning - INFO - Searching classifier best parameters
2020-06-17 12:16:29,618 - learning - INFO - Best parameters found:
2020-06-17 12:16:29,619 - learning - INFO - 0.8642857142857142
2020-06-17 12:16:29,619 - learning - INFO - {'C': 1, 'gamma': 0.1, 'kernel': 'rbf'}
2020-06-17 12:16:29,620 - learning - INFO - Creating calibrated...
2020-06-17 12:16:29,620 - learning - INFO - Training...
2020-06-17 12:16:29,641 - utilities - INFO - 
              precision    recall  f1-score   support

           0      0.667     0.800     0.727         5
           1      0.857     0.750     0.800         8

    accuracy                          0.769        13
   macro avg      0.762     0.775     0.764        13
weighted avg      0.784     0.769     0.772        13

2020-06-17 12:16:29,642 - utilities - INFO - Macro F1 0.764
2020-06-17 12:16:29,643 - utilities - INFO - Micro F1 0.769
2020-06-17 12:16:29,645 - utilities - INFO - Accurary: 0.769 and AUC 0.775
2020-06-17 12:16:31,992 - utilities - INFO - Found 0 type with 17 records
2020-06-17 12:16:31,993 - utilities - INFO - Found 1 type with 21 records
2020-06-17 12:16:31,993 - learning - INFO - Searching classifier best parameters
2020-06-17 12:16:32,094 - learning - INFO - Best parameters found:
2020-06-17 12:16:32,095 - learning - INFO - 0.8678571428571429
2020-06-17 12:16:32,096 - learning - INFO - {'C': 10, 'gamma': 0.001, 'kernel': 'rbf'}
2020-06-17 12:16:32,096 - learning - INFO - Creating calibrated...
2020-06-17 12:16:32,097 - learning - INFO - Training...
2020-06-17 12:16:32,116 - utilities - INFO - 
              precision    recall  f1-score   support

           0      0.600     0.600     0.600         5
           1      0.750     0.750     0.750         8

    accuracy                          0.692        13
   macro avg      0.675     0.675     0.675        13
weighted avg      0.692     0.692     0.692        13

2020-06-17 12:16:32,118 - utilities - INFO - Macro F1 0.675
2020-06-17 12:16:32,119 - utilities - INFO - Micro F1 0.692
2020-06-17 12:16:32,121 - utilities - INFO - Accurary: 0.692 and AUC 0.675
2020-06-17 12:16:34,603 - utilities - INFO - Found 0 type with 17 records
2020-06-17 12:16:34,604 - utilities - INFO - Found 1 type with 21 records
2020-06-17 12:16:34,605 - learning - INFO - Searching classifier best parameters
2020-06-17 12:16:34,710 - learning - INFO - Best parameters found:
2020-06-17 12:16:34,711 - learning - INFO - 0.8714285714285713
2020-06-17 12:16:34,712 - learning - INFO - {'C': 10, 'gamma': 0.001, 'kernel': 'rbf'}
2020-06-17 12:16:34,713 - learning - INFO - Creating calibrated...
2020-06-17 12:16:34,713 - learning - INFO - Training...
2020-06-17 12:16:34,732 - utilities - INFO - 
              precision    recall  f1-score   support

           0      0.600     0.600     0.600         5
           1      0.750     0.750     0.750         8

    accuracy                          0.692        13
   macro avg      0.675     0.675     0.675        13
weighted avg      0.692     0.692     0.692        13

2020-06-17 12:16:34,733 - utilities - INFO - Macro F1 0.675
2020-06-17 12:16:34,734 - utilities - INFO - Micro F1 0.692
2020-06-17 12:16:34,736 - utilities - INFO - Accurary: 0.692 and AUC 0.675
2020-06-17 12:16:37,188 - utilities - INFO - Found 0 type with 17 records
2020-06-17 12:16:37,189 - utilities - INFO - Found 1 type with 21 records
2020-06-17 12:16:37,190 - learning - INFO - Searching classifier best parameters
2020-06-17 12:16:37,303 - learning - INFO - Best parameters found:
2020-06-17 12:16:37,304 - learning - INFO - 0.8642857142857142
2020-06-17 12:16:37,305 - learning - INFO - {'C': 10, 'gamma': 0.1, 'kernel': 'rbf'}
2020-06-17 12:16:37,306 - learning - INFO - Creating calibrated...
2020-06-17 12:16:37,306 - learning - INFO - Training...
2020-06-17 12:16:37,324 - utilities - INFO - 
              precision    recall  f1-score   support

           0      0.500     0.400     0.444         5
           1      0.667     0.750     0.706         8

    accuracy                          0.615        13
   macro avg      0.583     0.575     0.575        13
weighted avg      0.603     0.615     0.605        13

2020-06-17 12:16:37,326 - utilities - INFO - Macro F1 0.575
2020-06-17 12:16:37,327 - utilities - INFO - Micro F1 0.615
2020-06-17 12:16:37,329 - utilities - INFO - Accurary: 0.615 and AUC 0.575
2020-06-17 12:17:07,842 - utilities - INFO - Found 0 type with 366 records
2020-06-17 12:17:07,845 - utilities - INFO - Found 1 type with 384 records
2020-06-17 12:17:07,846 - learning - INFO - Searching classifier best parameters
2020-06-17 12:17:09,309 - learning - INFO - Best parameters found:
2020-06-17 12:17:09,309 - learning - INFO - 0.6679999999999999
2020-06-17 12:17:09,309 - learning - INFO - {'C': 10, 'gamma': 0.1, 'kernel': 'rbf'}
2020-06-17 12:17:09,309 - learning - INFO - Creating calibrated...
2020-06-17 12:17:09,309 - learning - INFO - Training...
2020-06-17 12:17:09,701 - utilities - INFO - 
              precision    recall  f1-score   support

           0      0.699     0.658     0.678       120
           1      0.701     0.738     0.719       130

    accuracy                          0.700       250
   macro avg      0.700     0.698     0.699       250
weighted avg      0.700     0.700     0.699       250

2020-06-17 12:17:09,701 - utilities - INFO - Macro F1 0.699
2020-06-17 12:17:09,706 - utilities - INFO - Micro F1 0.700
2020-06-17 12:17:09,708 - utilities - INFO - Accurary: 0.700 and AUC 0.698
2020-06-17 18:57:37,190 - utilities - INFO - 
              precision    recall  f1-score   support

           0      0.792     0.784     0.788       102
           1      0.852     0.858     0.855       148

    accuracy                          0.828       250
   macro avg      0.822     0.821     0.822       250
weighted avg      0.828     0.828     0.828       250

2020-06-17 18:57:37,190 - utilities - INFO - Macro F1 0.822
2020-06-17 18:57:37,204 - utilities - INFO - Micro F1 0.828
2020-06-17 18:57:37,218 - utilities - INFO - Accurary: 0.828 and AUC 0.821
2020-06-17 18:59:40,109 - utilities - INFO - 
              precision    recall  f1-score   support

           0      0.772     0.765     0.768       102
           1      0.839     0.845     0.842       148

    accuracy                          0.812       250
   macro avg      0.806     0.805     0.805       250
weighted avg      0.812     0.812     0.812       250

2020-06-17 18:59:40,110 - utilities - INFO - Macro F1 0.805
2020-06-17 18:59:40,112 - utilities - INFO - Micro F1 0.812
2020-06-17 18:59:40,113 - utilities - INFO - Accurary: 0.812 and AUC 0.805
2020-06-17 18:59:56,503 - utilities - INFO - 
              precision    recall  f1-score   support

           0      0.771     0.725     0.747       102
           1      0.818     0.851     0.834       148

    accuracy                          0.800       250
   macro avg      0.795     0.788     0.791       250
weighted avg      0.799     0.800     0.799       250

2020-06-17 18:59:56,503 - utilities - INFO - Macro F1 0.791
2020-06-17 18:59:56,507 - utilities - INFO - Micro F1 0.800
2020-06-17 18:59:56,509 - utilities - INFO - Accurary: 0.800 and AUC 0.788
2020-06-17 19:00:14,007 - utilities - INFO - 
              precision    recall  f1-score   support

           0      0.768     0.716     0.741       102
           1      0.813     0.851     0.832       148

    accuracy                          0.796       250
   macro avg      0.791     0.784     0.786       250
weighted avg      0.795     0.796     0.795       250

2020-06-17 19:00:14,012 - utilities - INFO - Macro F1 0.786
2020-06-17 19:00:14,015 - utilities - INFO - Micro F1 0.796
2020-06-17 19:00:14,019 - utilities - INFO - Accurary: 0.796 and AUC 0.784
2020-06-17 19:00:33,441 - utilities - INFO - 
              precision    recall  f1-score   support

           0      0.771     0.725     0.747       102
           1      0.818     0.851     0.834       148

    accuracy                          0.800       250
   macro avg      0.795     0.788     0.791       250
weighted avg      0.799     0.800     0.799       250

2020-06-17 19:00:33,452 - utilities - INFO - Macro F1 0.791
2020-06-17 19:00:33,457 - utilities - INFO - Micro F1 0.800
2020-06-17 19:00:33,461 - utilities - INFO - Accurary: 0.800 and AUC 0.788
2020-06-17 19:03:41,199 - utilities - INFO - 
              precision    recall  f1-score   support

           0      0.763     0.725     0.744       102
           1      0.817     0.845     0.831       148

    accuracy                          0.796       250
   macro avg      0.790     0.785     0.787       250
weighted avg      0.795     0.796     0.795       250

2020-06-17 19:03:41,211 - utilities - INFO - Macro F1 0.787
2020-06-17 19:03:41,214 - utilities - INFO - Micro F1 0.796
2020-06-17 19:03:41,218 - utilities - INFO - Accurary: 0.796 and AUC 0.785
2020-06-17 19:03:58,872 - utilities - INFO - 
              precision    recall  f1-score   support

           0      0.755     0.725     0.740       102
           1      0.816     0.838     0.827       148

    accuracy                          0.792       250
   macro avg      0.785     0.782     0.783       250
weighted avg      0.791     0.792     0.791       250

2020-06-17 19:03:58,877 - utilities - INFO - Macro F1 0.783
2020-06-17 19:03:58,880 - utilities - INFO - Micro F1 0.792
2020-06-17 19:03:58,885 - utilities - INFO - Accurary: 0.792 and AUC 0.782
2020-06-17 19:04:17,275 - utilities - INFO - 
              precision    recall  f1-score   support

           0      0.778     0.686     0.729       102
           1      0.800     0.865     0.831       148

    accuracy                          0.792       250
   macro avg      0.789     0.776     0.780       250
weighted avg      0.791     0.792     0.790       250

2020-06-17 19:04:17,293 - utilities - INFO - Macro F1 0.780
2020-06-17 19:04:17,295 - utilities - INFO - Micro F1 0.792
2020-06-17 19:04:17,300 - utilities - INFO - Accurary: 0.792 and AUC 0.776
2020-06-17 19:04:33,978 - utilities - INFO - Found 0 type with 338 records
2020-06-17 19:04:33,998 - utilities - INFO - Found 1 type with 412 records
2020-06-17 19:04:34,000 - learning - INFO - Searching classifier best parameters
2020-06-17 19:04:52,149 - learning - INFO - Best parameters found:
2020-06-17 19:04:52,149 - learning - INFO - 0.6759999999999999
2020-06-17 19:04:52,165 - learning - INFO - {'C': 10, 'gamma': 1, 'kernel': 'rbf'}
2020-06-17 19:04:52,166 - learning - INFO - Creating calibrated...
2020-06-17 19:04:52,167 - learning - INFO - Training...
2020-06-17 19:04:53,119 - utilities - INFO - 
              precision    recall  f1-score   support

           0      0.714     0.539     0.615       102
           1      0.728     0.851     0.785       148

    accuracy                          0.724       250
   macro avg      0.721     0.695     0.700       250
weighted avg      0.723     0.724     0.715       250

2020-06-17 19:04:53,125 - utilities - INFO - Macro F1 0.700
2020-06-17 19:04:53,129 - utilities - INFO - Micro F1 0.724
2020-06-17 19:04:53,133 - utilities - INFO - Accurary: 0.724 and AUC 0.695
2020-06-17 19:05:11,900 - utilities - INFO - Found 0 type with 338 records
2020-06-17 19:05:11,911 - utilities - INFO - Found 1 type with 412 records
2020-06-17 19:05:11,912 - learning - INFO - Searching classifier best parameters
2020-06-17 19:05:14,982 - learning - INFO - Best parameters found:
2020-06-17 19:05:14,990 - learning - INFO - 0.6773333333333332
2020-06-17 19:05:14,990 - learning - INFO - {'C': 10, 'gamma': 1, 'kernel': 'rbf'}
2020-06-17 19:05:14,990 - learning - INFO - Creating calibrated...
2020-06-17 19:05:14,994 - learning - INFO - Training...
2020-06-17 19:05:16,011 - utilities - INFO - 
              precision    recall  f1-score   support

           0      0.705     0.539     0.611       102
           1      0.727     0.845     0.781       148

    accuracy                          0.720       250
   macro avg      0.716     0.692     0.696       250
weighted avg      0.718     0.720     0.712       250

2020-06-17 19:05:16,014 - utilities - INFO - Macro F1 0.696
2020-06-17 19:05:16,018 - utilities - INFO - Micro F1 0.720
2020-06-17 19:05:16,022 - utilities - INFO - Accurary: 0.720 and AUC 0.692
2020-06-17 19:05:33,100 - utilities - INFO - Found 0 type with 338 records
2020-06-17 19:05:33,108 - utilities - INFO - Found 1 type with 412 records
2020-06-17 19:05:33,108 - learning - INFO - Searching classifier best parameters
2020-06-17 19:05:36,939 - learning - INFO - Best parameters found:
2020-06-17 19:05:36,940 - learning - INFO - 0.6693333333333333
2020-06-17 19:05:36,943 - learning - INFO - {'C': 10, 'gamma': 1, 'kernel': 'rbf'}
2020-06-17 19:05:36,944 - learning - INFO - Creating calibrated...
2020-06-17 19:05:36,945 - learning - INFO - Training...
2020-06-17 19:05:38,154 - utilities - INFO - 
              precision    recall  f1-score   support

           0      0.706     0.471     0.565       102
           1      0.703     0.865     0.776       148

    accuracy                          0.704       250
   macro avg      0.705     0.668     0.670       250
weighted avg      0.704     0.704     0.690       250

2020-06-17 19:05:38,158 - utilities - INFO - Macro F1 0.670
2020-06-17 19:05:38,161 - utilities - INFO - Micro F1 0.704
2020-06-17 19:05:38,166 - utilities - INFO - Accurary: 0.704 and AUC 0.668
2020-06-17 19:05:58,791 - utilities - INFO - 
              precision    recall  f1-score   support

           0      0.494     0.392     0.437       102
           1      0.633     0.723     0.675       148

    accuracy                          0.588       250
   macro avg      0.563     0.558     0.556       250
weighted avg      0.576     0.588     0.578       250

2020-06-17 19:05:58,791 - utilities - INFO - Macro F1 0.556
2020-06-17 19:05:58,811 - utilities - INFO - Micro F1 0.588
2020-06-17 19:05:58,816 - utilities - INFO - Accurary: 0.588 and AUC 0.558
2020-06-17 19:06:15,585 - utilities - INFO - 
              precision    recall  f1-score   support

           0      0.500     0.402     0.446       102
           1      0.637     0.723     0.677       148

    accuracy                          0.592       250
   macro avg      0.568     0.562     0.561       250
weighted avg      0.581     0.592     0.583       250

2020-06-17 19:06:15,585 - utilities - INFO - Macro F1 0.561
2020-06-17 19:06:15,594 - utilities - INFO - Micro F1 0.592
2020-06-17 19:06:15,598 - utilities - INFO - Accurary: 0.592 and AUC 0.562
2020-06-17 19:06:33,744 - utilities - INFO - 
              precision    recall  f1-score   support

           0      0.513     0.382     0.438       102
           1      0.638     0.750     0.689       148

    accuracy                          0.600       250
   macro avg      0.576     0.566     0.564       250
weighted avg      0.587     0.600     0.587       250

2020-06-17 19:06:33,744 - utilities - INFO - Macro F1 0.564
2020-06-17 19:06:33,755 - utilities - INFO - Micro F1 0.600
2020-06-17 19:06:33,760 - utilities - INFO - Accurary: 0.600 and AUC 0.566
2020-06-17 19:06:51,429 - utilities - INFO - 
              precision    recall  f1-score   support

           0      0.810     0.794     0.802       102
           1      0.860     0.872     0.866       148

    accuracy                          0.840       250
   macro avg      0.835     0.833     0.834       250
weighted avg      0.840     0.840     0.840       250

2020-06-17 19:06:51,429 - utilities - INFO - Macro F1 0.834
2020-06-17 19:06:51,442 - utilities - INFO - Micro F1 0.840
2020-06-17 19:06:51,446 - utilities - INFO - Accurary: 0.840 and AUC 0.833
2020-06-17 19:07:09,360 - utilities - INFO - 
              precision    recall  f1-score   support

           0      0.838     0.863     0.850       102
           1      0.903     0.885     0.894       148

    accuracy                          0.876       250
   macro avg      0.871     0.874     0.872       250
weighted avg      0.877     0.876     0.876       250

2020-06-17 19:07:09,363 - utilities - INFO - Macro F1 0.872
2020-06-17 19:07:09,366 - utilities - INFO - Micro F1 0.876
2020-06-17 19:07:09,369 - utilities - INFO - Accurary: 0.876 and AUC 0.874
2020-06-17 19:07:26,814 - utilities - INFO - 
              precision    recall  f1-score   support

           0      0.820     0.804     0.812       102
           1      0.867     0.878     0.872       148

    accuracy                          0.848       250
   macro avg      0.843     0.841     0.842       250
weighted avg      0.848     0.848     0.848       250

2020-06-17 19:07:26,832 - utilities - INFO - Macro F1 0.842
2020-06-17 19:07:26,835 - utilities - INFO - Micro F1 0.848
2020-06-17 19:07:26,836 - utilities - INFO - Accurary: 0.848 and AUC 0.841
2020-06-17 19:07:43,485 - utilities - INFO - 
              precision    recall  f1-score   support

           0      0.687     0.775     0.728       102
           1      0.830     0.757     0.792       148

    accuracy                          0.764       250
   macro avg      0.758     0.766     0.760       250
weighted avg      0.771     0.764     0.766       250

2020-06-17 19:07:43,500 - utilities - INFO - Macro F1 0.760
2020-06-17 19:07:43,504 - utilities - INFO - Micro F1 0.764
2020-06-17 19:07:43,508 - utilities - INFO - Accurary: 0.764 and AUC 0.766
2020-06-17 19:08:01,140 - utilities - INFO - 
              precision    recall  f1-score   support

           0      0.634     0.765     0.693       102
           1      0.811     0.696     0.749       148

    accuracy                          0.724       250
   macro avg      0.723     0.730     0.721       250
weighted avg      0.739     0.724     0.726       250

2020-06-17 19:08:01,140 - utilities - INFO - Macro F1 0.721
2020-06-17 19:08:01,140 - utilities - INFO - Micro F1 0.724
2020-06-17 19:08:01,151 - utilities - INFO - Accurary: 0.724 and AUC 0.730
2020-06-17 19:08:17,492 - utilities - INFO - 
              precision    recall  f1-score   support

           0      0.730     0.794     0.761       102
           1      0.849     0.797     0.822       148

    accuracy                          0.796       250
   macro avg      0.789     0.796     0.791       250
weighted avg      0.800     0.796     0.797       250

2020-06-17 19:08:17,492 - utilities - INFO - Macro F1 0.791
2020-06-17 19:08:17,504 - utilities - INFO - Micro F1 0.796
2020-06-17 19:08:17,510 - utilities - INFO - Accurary: 0.796 and AUC 0.796
2020-06-17 19:08:35,041 - utilities - INFO - 
              precision    recall  f1-score   support

           0      0.594     0.588     0.591       102
           1      0.718     0.723     0.721       148

    accuracy                          0.668       250
   macro avg      0.656     0.656     0.656       250
weighted avg      0.668     0.668     0.668       250

2020-06-17 19:08:35,055 - utilities - INFO - Macro F1 0.656
2020-06-17 19:08:35,058 - utilities - INFO - Micro F1 0.668
2020-06-17 19:08:35,063 - utilities - INFO - Accurary: 0.668 and AUC 0.656
2020-06-17 19:08:54,269 - utilities - INFO - 
              precision    recall  f1-score   support

           0      0.618     0.618     0.618       102
           1      0.736     0.736     0.736       148

    accuracy                          0.688       250
   macro avg      0.677     0.677     0.677       250
weighted avg      0.688     0.688     0.688       250

2020-06-17 19:08:54,273 - utilities - INFO - Macro F1 0.677
2020-06-17 19:08:54,276 - utilities - INFO - Micro F1 0.688
2020-06-17 19:08:54,280 - utilities - INFO - Accurary: 0.688 and AUC 0.677
2020-06-17 19:09:12,565 - utilities - INFO - 
              precision    recall  f1-score   support

           0      0.602     0.608     0.605       102
           1      0.728     0.723     0.725       148

    accuracy                          0.676       250
   macro avg      0.665     0.665     0.665       250
weighted avg      0.677     0.676     0.676       250

2020-06-17 19:09:12,565 - utilities - INFO - Macro F1 0.665
2020-06-17 19:09:12,574 - utilities - INFO - Micro F1 0.676
2020-06-17 19:09:12,578 - utilities - INFO - Accurary: 0.676 and AUC 0.665
2020-06-17 19:09:30,165 - utilities - INFO - 
              precision    recall  f1-score   support

           0      0.514     0.529     0.522       102
           1      0.669     0.655     0.662       148

    accuracy                          0.604       250
   macro avg      0.592     0.592     0.592       250
weighted avg      0.606     0.604     0.605       250

2020-06-17 19:09:30,171 - utilities - INFO - Macro F1 0.592
2020-06-17 19:09:30,174 - utilities - INFO - Micro F1 0.604
2020-06-17 19:09:30,178 - utilities - INFO - Accurary: 0.604 and AUC 0.592
2020-06-17 19:09:47,366 - utilities - INFO - 
              precision    recall  f1-score   support

           0      0.541     0.578     0.559       102
           1      0.695     0.662     0.678       148

    accuracy                          0.628       250
   macro avg      0.618     0.620     0.619       250
weighted avg      0.632     0.628     0.630       250

2020-06-17 19:09:47,373 - utilities - INFO - Macro F1 0.619
2020-06-17 19:09:47,377 - utilities - INFO - Micro F1 0.628
2020-06-17 19:09:47,380 - utilities - INFO - Accurary: 0.628 and AUC 0.620
2020-06-17 19:10:06,275 - utilities - INFO - 
              precision    recall  f1-score   support

           0      0.539     0.539     0.539       102
           1      0.682     0.682     0.682       148

    accuracy                          0.624       250
   macro avg      0.611     0.611     0.611       250
weighted avg      0.624     0.624     0.624       250

2020-06-17 19:10:06,283 - utilities - INFO - Macro F1 0.611
2020-06-17 19:10:06,286 - utilities - INFO - Micro F1 0.624
2020-06-17 19:10:06,291 - utilities - INFO - Accurary: 0.624 and AUC 0.611
2020-06-17 19:10:36,001 - utilities - INFO - 
              precision    recall  f1-score   support

           0      0.833     0.750     0.789       120
           1      0.789     0.862     0.824       130

    accuracy                          0.808       250
   macro avg      0.811     0.806     0.807       250
weighted avg      0.810     0.808     0.807       250

2020-06-17 19:10:36,004 - utilities - INFO - Macro F1 0.807
2020-06-17 19:10:36,008 - utilities - INFO - Micro F1 0.808
2020-06-17 19:10:36,013 - utilities - INFO - Accurary: 0.808 and AUC 0.806
2020-06-17 19:11:04,406 - utilities - INFO - 
              precision    recall  f1-score   support

           0      0.810     0.783     0.797       120
           1      0.806     0.831     0.818       130

    accuracy                          0.808       250
   macro avg      0.808     0.807     0.807       250
weighted avg      0.808     0.808     0.808       250

2020-06-17 19:11:04,422 - utilities - INFO - Macro F1 0.807
2020-06-17 19:11:04,425 - utilities - INFO - Micro F1 0.808
2020-06-17 19:11:04,429 - utilities - INFO - Accurary: 0.808 and AUC 0.807
2020-06-17 19:11:32,194 - utilities - INFO - 
              precision    recall  f1-score   support

           0      0.795     0.742     0.767       120
           1      0.775     0.823     0.799       130

    accuracy                          0.784       250
   macro avg      0.785     0.782     0.783       250
weighted avg      0.785     0.784     0.783       250

2020-06-17 19:11:32,209 - utilities - INFO - Macro F1 0.783
2020-06-17 19:11:32,212 - utilities - INFO - Micro F1 0.784
2020-06-17 19:11:32,217 - utilities - INFO - Accurary: 0.784 and AUC 0.782
2020-06-17 19:31:48,376 - utilities - INFO - 
              precision    recall  f1-score   support

           0      0.394     0.637     0.487       102
           1      0.560     0.320     0.407       147

    accuracy                          0.450       249
   macro avg      0.477     0.478     0.447       249
weighted avg      0.492     0.450     0.440       249

2020-06-17 19:31:48,378 - utilities - INFO - Macro F1 0.447
2020-06-17 19:31:48,379 - utilities - INFO - Micro F1 0.450
2020-06-17 19:31:48,381 - utilities - INFO - Accurary: 0.450 and AUC 0.478
2020-06-17 19:32:43,667 - utilities - INFO - 
              precision    recall  f1-score   support

           0      0.381     0.363     0.372       102
           1      0.572     0.592     0.582       147

    accuracy                          0.498       249
   macro avg      0.477     0.477     0.477       249
weighted avg      0.494     0.498     0.496       249

2020-06-17 19:32:43,667 - utilities - INFO - Macro F1 0.477
2020-06-17 19:32:43,681 - utilities - INFO - Micro F1 0.498
2020-06-17 19:32:43,684 - utilities - INFO - Accurary: 0.498 and AUC 0.477
2020-06-17 19:38:11,105 - utilities - INFO - 
              precision    recall  f1-score   support

           0      0.425     0.745     0.541       102
           1      0.629     0.299     0.406       147

    accuracy                          0.482       249
   macro avg      0.527     0.522     0.473       249
weighted avg      0.545     0.482     0.461       249

2020-06-17 19:38:11,105 - utilities - INFO - Macro F1 0.473
2020-06-17 19:38:11,120 - utilities - INFO - Micro F1 0.482
2020-06-17 19:38:11,121 - utilities - INFO - Accurary: 0.482 and AUC 0.522
2020-06-17 19:38:41,062 - utilities - INFO - 
              precision    recall  f1-score   support

           0      0.464     0.446     0.455       101
           1      0.624     0.641     0.633       145

    accuracy                          0.561       246
   macro avg      0.544     0.543     0.544       246
weighted avg      0.558     0.561     0.560       246

2020-06-17 19:38:41,078 - utilities - INFO - Macro F1 0.544
2020-06-17 19:38:41,080 - utilities - INFO - Micro F1 0.561
2020-06-17 19:38:41,082 - utilities - INFO - Accurary: 0.561 and AUC 0.543
2020-06-17 19:38:54,011 - utilities - INFO - 
              precision    recall  f1-score   support

           0      0.395     0.653     0.493       101
           1      0.557     0.303     0.393       145

    accuracy                          0.447       246
   macro avg      0.476     0.478     0.443       246
weighted avg      0.491     0.447     0.434       246

2020-06-17 19:38:54,011 - utilities - INFO - Macro F1 0.443
2020-06-17 19:38:54,022 - utilities - INFO - Micro F1 0.447
2020-06-17 19:38:54,024 - utilities - INFO - Accurary: 0.447 and AUC 0.478
2020-06-17 19:39:26,884 - utilities - INFO - 
              precision    recall  f1-score   support

           0      0.409     0.554     0.471       101
           1      0.595     0.449     0.512       147

    accuracy                          0.492       248
   macro avg      0.502     0.502     0.491       248
weighted avg      0.519     0.492     0.495       248

2020-06-17 19:39:26,884 - utilities - INFO - Macro F1 0.491
2020-06-17 19:39:26,897 - utilities - INFO - Micro F1 0.492
2020-06-17 19:39:26,899 - utilities - INFO - Accurary: 0.492 and AUC 0.502
2020-06-17 19:45:33,413 - utilities - INFO - 
              precision    recall  f1-score   support

           0      0.400     0.574     0.472       101
           1      0.583     0.408     0.480       147

    accuracy                          0.476       248
   macro avg      0.491     0.491     0.476       248
weighted avg      0.508     0.476     0.477       248

2020-06-17 19:45:33,415 - utilities - INFO - Macro F1 0.476
2020-06-17 19:45:33,417 - utilities - INFO - Micro F1 0.476
2020-06-17 19:45:33,419 - utilities - INFO - Accurary: 0.476 and AUC 0.491
2020-06-17 19:45:44,522 - utilities - INFO - 
              precision    recall  f1-score   support

           0      0.435     0.693     0.534       101
           1      0.644     0.381     0.479       147

    accuracy                          0.508       248
   macro avg      0.539     0.537     0.506       248
weighted avg      0.559     0.508     0.501       248

2020-06-17 19:45:44,523 - utilities - INFO - Macro F1 0.506
2020-06-17 19:45:44,525 - utilities - INFO - Micro F1 0.508
2020-06-17 19:45:44,527 - utilities - INFO - Accurary: 0.508 and AUC 0.537
2020-06-17 19:45:56,462 - utilities - INFO - 
              precision    recall  f1-score   support

           0      0.391     0.713     0.505       101
           1      0.547     0.238     0.332       147

    accuracy                          0.431       248
   macro avg      0.469     0.475     0.419       248
weighted avg      0.484     0.431     0.402       248

2020-06-17 19:45:56,464 - utilities - INFO - Macro F1 0.419
2020-06-17 19:45:56,466 - utilities - INFO - Micro F1 0.431
2020-06-17 19:45:56,468 - utilities - INFO - Accurary: 0.431 and AUC 0.475
2020-06-17 19:46:12,112 - utilities - INFO - 
              precision    recall  f1-score   support

           0      0.417     0.644     0.506       101
           1      0.609     0.381     0.469       147

    accuracy                          0.488       248
   macro avg      0.513     0.512     0.487       248
weighted avg      0.530     0.488     0.484       248

2020-06-17 19:46:12,114 - utilities - INFO - Macro F1 0.487
2020-06-17 19:46:12,116 - utilities - INFO - Micro F1 0.488
2020-06-17 19:46:12,117 - utilities - INFO - Accurary: 0.488 and AUC 0.512
2020-06-17 19:46:28,246 - utilities - INFO - 
              precision    recall  f1-score   support

           0      0.399     0.564     0.467       101
           1      0.581     0.415     0.484       147

    accuracy                          0.476       248
   macro avg      0.490     0.490     0.476       248
weighted avg      0.507     0.476     0.477       248

2020-06-17 19:46:28,246 - utilities - INFO - Macro F1 0.476
2020-06-17 19:46:28,259 - utilities - INFO - Micro F1 0.476
2020-06-17 19:46:28,260 - utilities - INFO - Accurary: 0.476 and AUC 0.490
2020-06-17 19:46:43,196 - utilities - INFO - 
              precision    recall  f1-score   support

           0      0.377     0.574     0.455       101
           1      0.543     0.347     0.423       147

    accuracy                          0.440       248
   macro avg      0.460     0.461     0.439       248
weighted avg      0.475     0.440     0.436       248

2020-06-17 19:46:43,197 - utilities - INFO - Macro F1 0.439
2020-06-17 19:46:43,199 - utilities - INFO - Micro F1 0.440
2020-06-17 19:46:43,201 - utilities - INFO - Accurary: 0.440 and AUC 0.461
2020-06-17 19:47:34,400 - utilities - INFO - 
              precision    recall  f1-score   support

           0      0.408     0.703     0.516       101
           1      0.595     0.299     0.398       147

    accuracy                          0.464       248
   macro avg      0.501     0.501     0.457       248
weighted avg      0.519     0.464     0.446       248

2020-06-17 19:47:34,402 - utilities - INFO - Macro F1 0.457
2020-06-17 19:47:34,404 - utilities - INFO - Micro F1 0.464
2020-06-17 19:47:34,407 - utilities - INFO - Accurary: 0.464 and AUC 0.501
2020-06-17 19:48:26,697 - utilities - INFO - 
              precision    recall  f1-score   support

           0      0.391     0.356     0.373       101
           1      0.583     0.619     0.601       147

    accuracy                          0.512       248
   macro avg      0.487     0.488     0.487       248
weighted avg      0.505     0.512     0.508       248

2020-06-17 19:48:26,699 - utilities - INFO - Macro F1 0.487
2020-06-17 19:48:26,700 - utilities - INFO - Micro F1 0.512
2020-06-17 19:48:26,703 - utilities - INFO - Accurary: 0.512 and AUC 0.488
