2020-05-15 22:21:49,006 - numexpr.utils - INFO - NumExpr defaulting to 8 threads.
2020-05-15 22:21:52,419 - utilities - INFO - Found 0 type with 338 records
2020-05-15 22:21:52,422 - utilities - INFO - Found 1 type with 412 records
2020-05-15 22:21:52,423 - learning - INFO - Searching classifier best parameters
2020-05-15 22:21:55,251 - learning - INFO - Best parameters found:
2020-05-15 22:21:55,252 - learning - INFO - 0.6759999999999999
2020-05-15 22:21:55,253 - learning - INFO - {'C': 10, 'gamma': 1, 'kernel': 'rbf'}
2020-05-15 22:21:55,254 - learning - INFO - Creating calibrated...
2020-05-15 22:21:55,255 - learning - INFO - Training...
2020-05-15 22:21:55,667 - utilities - INFO - 
              precision    recall  f1-score   support

           0      0.714     0.539     0.615       102
           1      0.728     0.851     0.785       148

    accuracy                          0.724       250
   macro avg      0.721     0.695     0.700       250
weighted avg      0.723     0.724     0.715       250

2020-05-15 22:21:55,669 - utilities - INFO - Macro F1 0.700
2020-05-15 22:21:55,671 - utilities - INFO - Micro F1 0.724
2020-05-15 22:21:55,673 - utilities - INFO - Accurary: 0.724 and AUC 0.695
2020-05-15 22:22:03,523 - utilities - INFO - Found 0 type with 338 records
2020-05-15 22:22:03,525 - utilities - INFO - Found 1 type with 412 records
2020-05-15 22:22:03,526 - learning - INFO - Searching classifier best parameters
2020-05-15 22:22:04,985 - learning - INFO - Best parameters found:
2020-05-15 22:22:04,986 - learning - INFO - 0.6853333333333332
2020-05-15 22:22:04,987 - learning - INFO - {'C': 10, 'gamma': 1, 'kernel': 'rbf'}
2020-05-15 22:22:04,988 - learning - INFO - Creating calibrated...
2020-05-15 22:22:04,989 - learning - INFO - Training...
2020-05-15 22:22:05,378 - utilities - INFO - 
              precision    recall  f1-score   support

           0      0.693     0.510     0.588       102
           1      0.714     0.845     0.774       148

    accuracy                          0.708       250
   macro avg      0.704     0.677     0.681       250
weighted avg      0.706     0.708     0.698       250

2020-05-15 22:22:05,380 - utilities - INFO - Macro F1 0.681
2020-05-15 22:22:05,382 - utilities - INFO - Micro F1 0.708
2020-05-15 22:22:05,384 - utilities - INFO - Accurary: 0.708 and AUC 0.677
2020-05-15 22:22:13,829 - utilities - INFO - Found 0 type with 338 records
2020-05-15 22:22:13,831 - utilities - INFO - Found 1 type with 412 records
2020-05-15 22:22:13,832 - learning - INFO - Searching classifier best parameters
2020-05-15 22:22:15,285 - learning - INFO - Best parameters found:
2020-05-15 22:22:15,285 - learning - INFO - 0.6386666666666667
2020-05-15 22:22:15,285 - learning - INFO - {'C': 10, 'gamma': 0.1, 'kernel': 'rbf'}
2020-05-15 22:22:15,300 - learning - INFO - Creating calibrated...
2020-05-15 22:22:15,301 - learning - INFO - Training...
2020-05-15 22:22:15,720 - utilities - INFO - 
              precision    recall  f1-score   support

           0      0.595     0.490     0.538       102
           1      0.687     0.770     0.726       148

    accuracy                          0.656       250
   macro avg      0.641     0.630     0.632       250
weighted avg      0.649     0.656     0.649       250

2020-05-15 22:22:15,720 - utilities - INFO - Macro F1 0.632
2020-05-15 22:22:15,724 - utilities - INFO - Micro F1 0.656
2020-05-15 22:22:15,726 - utilities - INFO - Accurary: 0.656 and AUC 0.630
2020-05-15 22:22:24,247 - utilities - INFO - Found 0 type with 338 records
2020-05-15 22:22:24,250 - utilities - INFO - Found 1 type with 412 records
2020-05-15 22:22:24,251 - learning - INFO - Searching classifier best parameters
2020-05-15 22:22:26,057 - learning - INFO - Best parameters found:
2020-05-15 22:22:26,057 - learning - INFO - 0.6
2020-05-15 22:22:26,058 - learning - INFO - {'C': 10, 'gamma': 0.1, 'kernel': 'rbf'}
2020-05-15 22:22:26,058 - learning - INFO - Creating calibrated...
2020-05-15 22:22:26,060 - learning - INFO - Training...
2020-05-15 22:22:26,571 - utilities - INFO - 
              precision    recall  f1-score   support

           0      0.550     0.431     0.484       102
           1      0.659     0.757     0.704       148

    accuracy                          0.624       250
   macro avg      0.604     0.594     0.594       250
weighted avg      0.614     0.624     0.614       250

2020-05-15 22:22:26,573 - utilities - INFO - Macro F1 0.594
2020-05-15 22:22:26,574 - utilities - INFO - Micro F1 0.624
2020-05-15 22:22:26,576 - utilities - INFO - Accurary: 0.624 and AUC 0.594
