2020-06-15 18:28:06,887 - numexpr.utils - INFO - NumExpr defaulting to 8 threads.
2020-06-15 18:28:10,332 - utilities - INFO - Found 0 type with 338 records
2020-06-15 18:28:10,338 - utilities - INFO - Found 1 type with 412 records
2020-06-15 18:28:10,339 - learning - INFO - Searching classifier best parameters
2020-06-15 18:28:13,119 - learning - INFO - Best parameters found:
2020-06-15 18:28:13,119 - learning - INFO - 0.6759999999999999
2020-06-15 18:28:13,119 - learning - INFO - {'C': 10, 'gamma': 1, 'kernel': 'rbf'}
2020-06-15 18:28:13,119 - learning - INFO - Creating calibrated...
2020-06-15 18:28:13,133 - learning - INFO - Training...
2020-06-15 18:28:13,520 - utilities - INFO - 
              precision    recall  f1-score   support

           0      0.714     0.539     0.615       102
           1      0.728     0.851     0.785       148

    accuracy                          0.724       250
   macro avg      0.721     0.695     0.700       250
weighted avg      0.723     0.724     0.715       250

2020-06-15 18:28:13,520 - utilities - INFO - Macro F1 0.700
2020-06-15 18:28:13,530 - utilities - INFO - Micro F1 0.724
2020-06-15 18:28:13,533 - utilities - INFO - Accurary: 0.724 and AUC 0.695
2020-06-15 18:28:22,299 - utilities - INFO - Found 0 type with 338 records
2020-06-15 18:28:22,304 - utilities - INFO - Found 1 type with 412 records
2020-06-15 18:28:22,304 - learning - INFO - Searching classifier best parameters
2020-06-15 18:28:23,771 - learning - INFO - Best parameters found:
2020-06-15 18:28:23,771 - learning - INFO - 0.6853333333333332
2020-06-15 18:28:23,771 - learning - INFO - {'C': 10, 'gamma': 1, 'kernel': 'rbf'}
2020-06-15 18:28:23,771 - learning - INFO - Creating calibrated...
2020-06-15 18:28:23,771 - learning - INFO - Training...
2020-06-15 18:28:24,170 - utilities - INFO - 
              precision    recall  f1-score   support

           0      0.693     0.510     0.588       102
           1      0.714     0.845     0.774       148

    accuracy                          0.708       250
   macro avg      0.704     0.677     0.681       250
weighted avg      0.706     0.708     0.698       250

2020-06-15 18:28:24,170 - utilities - INFO - Macro F1 0.681
2020-06-15 18:28:24,178 - utilities - INFO - Micro F1 0.708
2020-06-15 18:28:24,180 - utilities - INFO - Accurary: 0.708 and AUC 0.677
2020-06-15 18:28:32,765 - utilities - INFO - Found 0 type with 338 records
2020-06-15 18:28:32,767 - utilities - INFO - Found 1 type with 412 records
2020-06-15 18:28:32,768 - learning - INFO - Searching classifier best parameters
2020-06-15 18:28:34,238 - learning - INFO - Best parameters found:
2020-06-15 18:28:34,253 - learning - INFO - 0.6386666666666667
2020-06-15 18:28:34,253 - learning - INFO - {'C': 10, 'gamma': 0.1, 'kernel': 'rbf'}
2020-06-15 18:28:34,253 - learning - INFO - Creating calibrated...
2020-06-15 18:28:34,256 - learning - INFO - Training...
2020-06-15 18:28:34,678 - utilities - INFO - 
              precision    recall  f1-score   support

           0      0.595     0.490     0.538       102
           1      0.687     0.770     0.726       148

    accuracy                          0.656       250
   macro avg      0.641     0.630     0.632       250
weighted avg      0.649     0.656     0.649       250

2020-06-15 18:28:34,693 - utilities - INFO - Macro F1 0.632
2020-06-15 18:28:34,696 - utilities - INFO - Micro F1 0.656
2020-06-15 18:28:34,698 - utilities - INFO - Accurary: 0.656 and AUC 0.630
2020-06-15 18:28:43,209 - utilities - INFO - Found 0 type with 338 records
2020-06-15 18:28:43,211 - utilities - INFO - Found 1 type with 412 records
2020-06-15 18:28:43,212 - learning - INFO - Searching classifier best parameters
2020-06-15 18:28:45,031 - learning - INFO - Best parameters found:
2020-06-15 18:28:45,031 - learning - INFO - 0.6
2020-06-15 18:28:45,031 - learning - INFO - {'C': 10, 'gamma': 0.1, 'kernel': 'rbf'}
2020-06-15 18:28:45,031 - learning - INFO - Creating calibrated...
2020-06-15 18:28:45,037 - learning - INFO - Training...
2020-06-15 18:28:45,555 - utilities - INFO - 
              precision    recall  f1-score   support

           0      0.550     0.431     0.484       102
           1      0.659     0.757     0.704       148

    accuracy                          0.624       250
   macro avg      0.604     0.594     0.594       250
weighted avg      0.614     0.624     0.614       250

2020-06-15 18:28:45,555 - utilities - INFO - Macro F1 0.594
2020-06-15 18:28:45,570 - utilities - INFO - Micro F1 0.624
2020-06-15 18:28:45,572 - utilities - INFO - Accurary: 0.624 and AUC 0.594
2020-06-15 18:47:19,261 - utilities - INFO - Found 0 type with 338 records
2020-06-15 18:47:19,264 - utilities - INFO - Found 1 type with 412 records
2020-06-15 18:47:19,265 - learning - INFO - Searching classifier best parameters
2020-06-15 18:47:22,208 - learning - INFO - Best parameters found:
2020-06-15 18:47:22,208 - learning - INFO - 0.6759999999999999
2020-06-15 18:47:22,208 - learning - INFO - {'C': 10, 'gamma': 1, 'kernel': 'rbf'}
2020-06-15 18:47:22,208 - learning - INFO - Creating calibrated...
2020-06-15 18:47:22,208 - learning - INFO - Training...
2020-06-15 18:47:22,604 - utilities - INFO - 
              precision    recall  f1-score   support

           0      0.714     0.539     0.615       102
           1      0.728     0.851     0.785       148

    accuracy                          0.724       250
   macro avg      0.721     0.695     0.700       250
weighted avg      0.723     0.724     0.715       250

2020-06-15 18:47:22,604 - utilities - INFO - Macro F1 0.700
2020-06-15 18:47:22,608 - utilities - INFO - Micro F1 0.724
2020-06-15 18:47:22,610 - utilities - INFO - Accurary: 0.724 and AUC 0.695
2020-06-15 18:49:04,878 - utilities - INFO - Found 0 type with 338 records
2020-06-15 18:49:04,882 - utilities - INFO - Found 1 type with 412 records
2020-06-15 18:49:04,883 - learning - INFO - Searching classifier best parameters
2020-06-15 18:49:06,379 - learning - INFO - Best parameters found:
2020-06-15 18:49:06,379 - learning - INFO - 0.6759999999999999
2020-06-15 18:49:06,379 - learning - INFO - {'C': 10, 'gamma': 1, 'kernel': 'rbf'}
2020-06-15 18:49:06,379 - learning - INFO - Creating calibrated...
2020-06-15 18:49:06,379 - learning - INFO - Training...
2020-06-15 18:49:06,775 - utilities - INFO - 
              precision    recall  f1-score   support

           0      0.714     0.539     0.615       102
           1      0.728     0.851     0.785       148

    accuracy                          0.724       250
   macro avg      0.721     0.695     0.700       250
weighted avg      0.723     0.724     0.715       250

2020-06-15 18:49:06,775 - utilities - INFO - Macro F1 0.700
2020-06-15 18:49:06,785 - utilities - INFO - Micro F1 0.724
2020-06-15 18:49:06,787 - utilities - INFO - Accurary: 0.724 and AUC 0.695
2020-06-15 18:49:14,939 - utilities - INFO - Found 0 type with 338 records
2020-06-15 18:49:14,941 - utilities - INFO - Found 1 type with 412 records
2020-06-15 18:49:14,941 - learning - INFO - Searching classifier best parameters
2020-06-15 18:49:16,482 - learning - INFO - Best parameters found:
2020-06-15 18:49:16,482 - learning - INFO - 0.6853333333333332
2020-06-15 18:49:16,482 - learning - INFO - {'C': 10, 'gamma': 1, 'kernel': 'rbf'}
2020-06-15 18:49:16,482 - learning - INFO - Creating calibrated...
2020-06-15 18:49:16,487 - learning - INFO - Training...
2020-06-15 18:49:16,945 - utilities - INFO - 
              precision    recall  f1-score   support

           0      0.693     0.510     0.588       102
           1      0.714     0.845     0.774       148

    accuracy                          0.708       250
   macro avg      0.704     0.677     0.681       250
weighted avg      0.706     0.708     0.698       250

2020-06-15 18:49:16,945 - utilities - INFO - Macro F1 0.681
2020-06-15 18:49:16,951 - utilities - INFO - Micro F1 0.708
2020-06-15 18:49:16,952 - utilities - INFO - Accurary: 0.708 and AUC 0.677
2020-06-15 18:49:24,922 - utilities - INFO - Found 0 type with 338 records
2020-06-15 18:49:24,924 - utilities - INFO - Found 1 type with 412 records
2020-06-15 18:49:24,925 - learning - INFO - Searching classifier best parameters
2020-06-15 18:49:26,485 - learning - INFO - Best parameters found:
2020-06-15 18:49:26,485 - learning - INFO - 0.6386666666666667
2020-06-15 18:49:26,485 - learning - INFO - {'C': 10, 'gamma': 0.1, 'kernel': 'rbf'}
2020-06-15 18:49:26,485 - learning - INFO - Creating calibrated...
2020-06-15 18:49:26,485 - learning - INFO - Training...
2020-06-15 18:49:26,930 - utilities - INFO - 
              precision    recall  f1-score   support

           0      0.595     0.490     0.538       102
           1      0.687     0.770     0.726       148

    accuracy                          0.656       250
   macro avg      0.641     0.630     0.632       250
weighted avg      0.649     0.656     0.649       250

2020-06-15 18:49:26,930 - utilities - INFO - Macro F1 0.632
2020-06-15 18:49:26,937 - utilities - INFO - Micro F1 0.656
2020-06-15 18:49:26,938 - utilities - INFO - Accurary: 0.656 and AUC 0.630
2020-06-15 18:49:35,555 - utilities - INFO - Found 0 type with 338 records
2020-06-15 18:49:35,557 - utilities - INFO - Found 1 type with 412 records
2020-06-15 18:49:35,558 - learning - INFO - Searching classifier best parameters
2020-06-15 18:49:37,517 - learning - INFO - Best parameters found:
2020-06-15 18:49:37,518 - learning - INFO - 0.6
2020-06-15 18:49:37,518 - learning - INFO - {'C': 10, 'gamma': 0.1, 'kernel': 'rbf'}
2020-06-15 18:49:37,518 - learning - INFO - Creating calibrated...
2020-06-15 18:49:37,519 - learning - INFO - Training...
2020-06-15 18:49:38,038 - utilities - INFO - 
              precision    recall  f1-score   support

           0      0.550     0.431     0.484       102
           1      0.659     0.757     0.704       148

    accuracy                          0.624       250
   macro avg      0.604     0.594     0.594       250
weighted avg      0.614     0.624     0.614       250

2020-06-15 18:49:38,038 - utilities - INFO - Macro F1 0.594
2020-06-15 18:49:38,050 - utilities - INFO - Micro F1 0.624
2020-06-15 18:49:38,051 - utilities - INFO - Accurary: 0.624 and AUC 0.594
